|SourceProjectName:JMicroVision.hpr
|DestinationProjectName:JMicroVision.htm
whhost.js
whmsg.js
whmozemu.js
whutils.js
whproxy.js
whstub.js
whver.js
whform.js
whphost.js
whstart.js
whtopic.js
whframes.js
whlang.js
XmlReadHelper.js
whskin_info.htm
whskin_blank.htm
whskin_pickup.htm
whskin_homepage.htm
whskin_tw.htm
whnjs.htm
whthost.js
whtdhtml.htm
whihost.js
whibody.htm
whiform.htm
whfhost.js
whfbody.htm
whfform.htm
whghost.js
whgbody.htm
whgdhtml.htm
whgdef.htm
whproj.js
whproj.htm
whdata\whtoc.js
whdata\whtoc.htm
whdata\whtdata.js
whdata\whidx.js
whdata\whidx.htm
whdata\whidata.js
whdata\whglo.js
whdata\whglo.htm
whdata\whgdata.js
cshdat_webhelp.htm
whcsh_home.htm
whcshdata.js
cshdat_robohelp.htm
wht_tab0.gif
wht_tab1.gif
wht_tab2.gif
wht_tab3.gif
wht_tab4.gif
wht_tab5.gif
wht_tab6.gif
wht_tab7.gif
wht_tab8.gif
wht_glo_h.gif
wht_glo_n.gif
wht_fts_h.gif
wht_fts_n.gif
wht_idx_h.gif
wht_idx_n.gif
wht_toc_h.gif
wht_toc_n.gif
wht_ws.gif
wht_ws_g.gif
wht_logo1.gif
wht_logo2.gif
wht_abgw.jpg
wht_abgi.jpg
wht_abge.jpg
wht_abtw.jpg
wht_abte.jpg
wht_abti.jpg
wht_spac.gif
wht_next.gif
wht_next_g.gif
wht_prev.gif
wht_prev_g.gif
wht_sync.gif
wht_hide.gif
wht_go.gif
whstart.ico
whestart.ico
whrstart.ico
whidhtml.htm
whfdhtml.htm
whskin_banner.htm
whtbar.js
print-selected.png
print-unselected.png
background.png
contents-selected.png
contents-unselected.png
index-selected.png
index-unselected.png
search-selected.png
search-unselected.png
glossary-selected.png
glossary-unselected.png
search-input-go.png
logo-placeholder.png
previous-disabled.png
previous-enabled.png
next-disabled.png
next-enabled.png
sync-toc.png
hide.png
remote-url.png
closed-book.png
opened-book.png
topic-page.png
whskin_pdhtml.htm
whskin_plist.htm
whskin_tbars.htm
whskin_mbars.htm
whskin_frmset010.htm
whst_topics.xml
whskin_frmset01.htm
whskin_ep_ins.ski
whskin_ep_start.htm
JMicroVision_hha.hhk
JMicroVision.hhc
JMicroVision.hhk
contact\bugs.htm
contact\contact.htm
getting_started\file_format.htm
getting_started\getting_help.htm
getting_started\keys.htm
introduction\licence.htm
introduction\welcome.htm
tools\arithmeticOp.htm
tools\background.htm
tools\background_descriptors.htm
tools\BinaryOp.htm
tools\calibration.htm
tools\channel.htm
tools\channelOp.htm
tools\classicFilterOp.htm
tools\display.htm
tools\enhancementOp.htm
tools\general_description.htm
tools\gradientFilterOp.htm
tools\image_factory.htm
tools\kmeans.htm
tools\lens.htm
tools\logicOp.htm
tools\lutOp.htm
tools\measure1d.htm
tools\measure2d.htm
tools\MorphologyOp.htm
tools\multiview.htm
tools\nonLinearFilterOp.htm
tools\note.htm
tools\object_descriptors.htm
tools\object_extraction.htm
tools\pluginsOp.htm
tools\point_counting.htm
tools\profile.htm
tools\rasterizeOp.htm
tools\segmentationOp.htm
tools\wand.htm
tools\watershed.htm
user_interface\area.htm
user_interface\class_editor.htm
user_interface\color_objects.htm
user_interface\context_dialog.htm
user_interface\data_viewer.htm
user_interface\feret_dialog.htm
user_interface\image_list.htm
user_interface\labeling.htm
user_interface\main_file_menu.htm
user_interface\main_help_menu.htm
user_interface\main_options_menu.htm
user_interface\main_window.htm
user_interface\main_windows_menu.htm
user_interface\project_file_menu.htm
user_interface\project_menu.htm
user_interface\project_props.htm
user_interface\project_toolbar.htm
user_interface\project_window.htm
user_interface\rectification.htm
user_interface\supervised_classif.htm
user_interface\texture_dialog.htm
user_interface\threshold.htm
images\icon16.gif
images\Orange_Book_Closed.gif
images\Orange_Book_Open.gif
images\whd_toc3.gif
JMicroVision.glo
contenu.css
images\blueListBull.gif
images\supervisedClassif.gif
images\objects.gif
images\g_description.gif
images\windows.png
images\colorObjects.gif
images\open_add.png
images\classEdit.png
images\save_as.png
images\classEditor.gif
images\toolbar.gif
images\pointEvolution.gif
images\document_new.png
images\workspace.jpg
images\BLTTRIA.gif
images\rectification.gif
images\position.gif
images\about.jpg
images\threshold.gif
images\about.png
images\delete2.png
images\window_split_ver.png
images\optimizePopup.gif
images\feret.gif
images\arrow_new.png
images\evol_chart.png
images\dataViewer2.gif
images\slide.gif
images\connectivity4.gif
images\connectivity8.gif
images\classification.gif
images\image.png
images\zoomActualSize.png
images\imageFactToolbar.gif
images\undo.png
images\edit.png
images\note.gif
images\save.png
images\hand.png
images\zoomBestFit.png
images\gray.png
images\area.gif
images\wand.gif
images\dataViewer.gif
images\zoom.png
images\lens.gif
images\open.png
images\project_window.jpg
images\magnitudeGradient.png
images\background.gif
images\pointCount.gif
images\dataViewer.png
images\hg_see.gif
images\pencil.gif
images\azimut.gif
images\kmeans.gif
images\display.gif
images\window.png
images\binary.png
images\parameterClassif.gif
images\picker.png
images\separation.png
images\illu_context.gif
images\imgFactory.gif
images\homogeneity.gif
images\mesure2DToolBar.gif
images\grainSize.gif
images\multiview.png
images\imageList.gif
images\multiview.gif
images\window_split_hor.png
images\watershed.gif
images\supervClassifPara.gif
images\help2.png
images\objectExtract.gif
images\gDescription.png
images\logForWeb.gif
images\noteToolbar.gif
images\mesure1DToolBar.gif
images\projectPref.gif
images\photo.png
images\label.gif
images\magic-wand.png
images\measure1D.gif
images\measure2D.gif
images\segment.png
images\project.png
images\convert.png
images\orientation.gif
images\color.png
images\areaEditor.png
images\texture.gif
images\profile.gif
images\preferences.png
images\profile2.gif
images\calibration.gif
images\context.gif
whxdata\package_0_xml.js
whxdata\packageindex_xml.js
whxdata\synonym.xml
whxdata\synonym_xml.js
whxdata\topictable_0_xml.js
whxdata\topictableindex_xml.js
whxdata\whfts.xml
whxdata\whfts_xml.js
whproj_xml.js
whxdata\whtoc_xml.js
whxdata\whidx_xml.js
whxdata\whglo_xml.js
resource\resource_xml.js
whbrs_xml.js
whres_xml.js
whcsh_xml.js
whxdata\whtdata0_xml.js
whxdata\whidata0_xml.js
whxdata\whgdata0_xml.js
whdata\whtdata0.htm
whdata\whidata0.htm
whdata\whgdata0.htm
JMicroVision.htm
JMicroVision_csh.htm
JMicroVision_rhc.htm
